mode: set
github.com/emmanuelperotto/pismo-test/api/services/createAccount.go:17.94,20.16 2 1
github.com/emmanuelperotto/pismo-test/api/services/createAccount.go:24.2,24.64 1 1
github.com/emmanuelperotto/pismo-test/api/services/createAccount.go:20.16,22.3 1 1
github.com/emmanuelperotto/pismo-test/api/services/createAccount.go:28.59,30.34 1 1
github.com/emmanuelperotto/pismo-test/api/services/createAccount.go:34.2,34.64 1 1
github.com/emmanuelperotto/pismo-test/api/services/createAccount.go:38.2,38.12 1 1
github.com/emmanuelperotto/pismo-test/api/services/createAccount.go:30.34,32.3 1 1
github.com/emmanuelperotto/pismo-test/api/services/createAccount.go:34.64,36.3 1 1
github.com/emmanuelperotto/pismo-test/api/services/createTransaction.go:17.103,20.16 2 1
github.com/emmanuelperotto/pismo-test/api/services/createTransaction.go:24.2,24.76 1 1
github.com/emmanuelperotto/pismo-test/api/services/createTransaction.go:20.16,22.3 1 1
github.com/emmanuelperotto/pismo-test/api/services/createTransaction.go:28.71,29.32 1 1
github.com/emmanuelperotto/pismo-test/api/services/createTransaction.go:33.2,33.38 1 1
github.com/emmanuelperotto/pismo-test/api/services/createTransaction.go:37.2,39.16 2 1
github.com/emmanuelperotto/pismo-test/api/services/createTransaction.go:43.2,43.73 1 1
github.com/emmanuelperotto/pismo-test/api/services/createTransaction.go:47.2,47.72 1 1
github.com/emmanuelperotto/pismo-test/api/services/createTransaction.go:51.2,51.12 1 1
github.com/emmanuelperotto/pismo-test/api/services/createTransaction.go:29.32,31.3 1 1
github.com/emmanuelperotto/pismo-test/api/services/createTransaction.go:33.38,35.3 1 1
github.com/emmanuelperotto/pismo-test/api/services/createTransaction.go:39.16,41.3 1 1
github.com/emmanuelperotto/pismo-test/api/services/createTransaction.go:43.73,45.3 1 1
github.com/emmanuelperotto/pismo-test/api/services/createTransaction.go:47.72,49.3 1 1
github.com/emmanuelperotto/pismo-test/api/services/searchAccount.go:14.79,16.2 1 1
github.com/emmanuelperotto/pismo-test/api/controllers/accountsController.go:15.73,22.16 5 1
github.com/emmanuelperotto/pismo-test/api/controllers/accountsController.go:22.16,24.3 1 1
github.com/emmanuelperotto/pismo-test/api/controllers/accountsController.go:24.8,26.3 1 1
github.com/emmanuelperotto/pismo-test/api/controllers/accountsController.go:30.70,35.16 4 1
github.com/emmanuelperotto/pismo-test/api/controllers/accountsController.go:35.16,37.3 1 1
github.com/emmanuelperotto/pismo-test/api/controllers/accountsController.go:37.8,39.3 1 1
github.com/emmanuelperotto/pismo-test/api/controllers/transactionsController.go:13.77,20.16 5 1
github.com/emmanuelperotto/pismo-test/api/controllers/transactionsController.go:20.16,22.3 1 1
github.com/emmanuelperotto/pismo-test/api/controllers/transactionsController.go:22.8,24.3 1 1
