mode: set
github.com/emmanuelperotto/pismo-test/api/services/createAccount.go:17.94,20.16 2 1
github.com/emmanuelperotto/pismo-test/api/services/createAccount.go:24.2,24.64 1 1
github.com/emmanuelperotto/pismo-test/api/services/createAccount.go:20.16,22.3 1 1
github.com/emmanuelperotto/pismo-test/api/services/createAccount.go:27.59,29.34 1 1
github.com/emmanuelperotto/pismo-test/api/services/createAccount.go:33.2,33.64 1 1
github.com/emmanuelperotto/pismo-test/api/services/createAccount.go:37.2,37.12 1 1
github.com/emmanuelperotto/pismo-test/api/services/createAccount.go:29.34,31.3 1 1
github.com/emmanuelperotto/pismo-test/api/services/createAccount.go:33.64,35.3 1 1
github.com/emmanuelperotto/pismo-test/api/services/createTransaction.go:17.103,20.16 2 1
github.com/emmanuelperotto/pismo-test/api/services/createTransaction.go:24.2,24.76 1 1
github.com/emmanuelperotto/pismo-test/api/services/createTransaction.go:20.16,22.3 1 1
github.com/emmanuelperotto/pismo-test/api/services/createTransaction.go:28.71,29.32 1 1
github.com/emmanuelperotto/pismo-test/api/services/createTransaction.go:33.2,33.38 1 1
github.com/emmanuelperotto/pismo-test/api/services/createTransaction.go:37.2,39.16 2 1
github.com/emmanuelperotto/pismo-test/api/services/createTransaction.go:43.2,43.73 1 1
github.com/emmanuelperotto/pismo-test/api/services/createTransaction.go:47.2,47.72 1 1
github.com/emmanuelperotto/pismo-test/api/services/createTransaction.go:51.2,51.12 1 1
github.com/emmanuelperotto/pismo-test/api/services/createTransaction.go:29.32,31.3 1 1
github.com/emmanuelperotto/pismo-test/api/services/createTransaction.go:33.38,35.3 1 1
github.com/emmanuelperotto/pismo-test/api/services/createTransaction.go:39.16,41.3 1 1
github.com/emmanuelperotto/pismo-test/api/services/createTransaction.go:43.73,45.3 1 1
github.com/emmanuelperotto/pismo-test/api/services/createTransaction.go:47.72,49.3 1 1
github.com/emmanuelperotto/pismo-test/api/services/searchAccount.go:14.79,16.2 1 1
