mode: set
github.com/emmanuelperotto/pismo-test/api/controllers/accountsController.go:17.73,24.16 5 0
github.com/emmanuelperotto/pismo-test/api/controllers/accountsController.go:24.16,26.3 1 0
github.com/emmanuelperotto/pismo-test/api/controllers/accountsController.go:26.8,28.3 1 0
github.com/emmanuelperotto/pismo-test/api/controllers/accountsController.go:32.70,37.16 4 1
github.com/emmanuelperotto/pismo-test/api/controllers/accountsController.go:37.16,39.3 1 1
github.com/emmanuelperotto/pismo-test/api/controllers/accountsController.go:39.8,41.3 1 1
github.com/emmanuelperotto/pismo-test/api/controllers/transactionsController.go:15.77,22.16 5 0
github.com/emmanuelperotto/pismo-test/api/controllers/transactionsController.go:22.16,24.3 1 0
github.com/emmanuelperotto/pismo-test/api/controllers/transactionsController.go:24.8,26.3 1 0
